Internal Server Error: /pacientes/f47a415c-4ad2-482c-866b-35e70a138a95/
Traceback (most recent call last):
  File "C:\Users\carlo\OneDrive\Desktop\JUAN\venv\Lib\site-packages\django\template\base.py", line 883, in _resolve_lookup
    current = current[bit]
              ~~~~~~~^^^^^
  File "C:\Users\carlo\OneDrive\Desktop\JUAN\venv\Lib\site-packages\django\template\context.py", line 85, in __getitem__
    raise KeyError(key)
KeyError: 'now'

During handling of the above exception, another exception occurred:

Traceback (most recent call last):
  File "C:\Users\carlo\OneDrive\Desktop\JUAN\venv\Lib\site-packages\django\template\base.py", line 889, in _resolve_lookup
    if isinstance(current, BaseContext) and getattr(
                                            ^^^^^^^^
AttributeError: type object 'RequestContext' has no attribute 'now'. Did you mean: 'new'?

During handling of the above exception, another exception occurred:

Traceback (most recent call last):
  File "C:\Users\carlo\OneDrive\Desktop\JUAN\venv\Lib\site-packages\django\template\base.py", line 899, in _resolve_lookup
    current = current[int(bit)]
                      ^^^^^^^^
ValueError: invalid literal for int() with base 10: 'now'

During handling of the above exception, another exception occurred:

Traceback (most recent call last):
  File "C:\Users\carlo\OneDrive\Desktop\JUAN\venv\Lib\site-packages\django\core\handlers\exception.py", line 55, in inner
    response = get_response(request)
               ^^^^^^^^^^^^^^^^^^^^^
  File "C:\Users\carlo\OneDrive\Desktop\JUAN\venv\Lib\site-packages\django\core\handlers\base.py", line 197, in _get_response
    response = wrapped_callback(request, *callback_args, **callback_kwargs)
               ^^^^^^^^^^^^^^^^^^^^^^^^^^^^^^^^^^^^^^^^^^^^^^^^^^^^^^^^^^^^
  File "C:\Users\carlo\OneDrive\Desktop\JUAN\venv\Lib\site-packages\django\contrib\auth\decorators.py", line 60, in _view_wrapper
    return view_func(request, *args, **kwargs)
           ^^^^^^^^^^^^^^^^^^^^^^^^^^^^^^^^^^^
  File "C:\Users\carlo\OneDrive\Desktop\JUAN\project\website\views.py", line 257, in patient_detail
    return render(request, 'patient_detail.html', context)
           ^^^^^^^^^^^^^^^^^^^^^^^^^^^^^^^^^^^^^^^^^^^^^^^
  File "C:\Users\carlo\OneDrive\Desktop\JUAN\venv\Lib\site-packages\django\shortcuts.py", line 25, in render
    content = loader.render_to_string(template_name, context, request, using=using)
              ^^^^^^^^^^^^^^^^^^^^^^^^^^^^^^^^^^^^^^^^^^^^^^^^^^^^^^^^^^^^^^^^^^^^^
  File "C:\Users\carlo\OneDrive\Desktop\JUAN\venv\Lib\site-packages\django\template\loader.py", line 62, in render_to_string
    return template.render(context, request)
           ^^^^^^^^^^^^^^^^^^^^^^^^^^^^^^^^^
  File "C:\Users\carlo\OneDrive\Desktop\JUAN\venv\Lib\site-packages\django\template\backends\django.py", line 107, in render
    return self.template.render(context)
           ^^^^^^^^^^^^^^^^^^^^^^^^^^^^^
  File "C:\Users\carlo\OneDrive\Desktop\JUAN\venv\Lib\site-packages\django\template\base.py", line 171, in render
    return self._render(context)
           ^^^^^^^^^^^^^^^^^^^^^
  File "C:\Users\carlo\OneDrive\Desktop\JUAN\venv\Lib\site-packages\django\template\base.py", line 163, in _render
    return self.nodelist.render(context)
           ^^^^^^^^^^^^^^^^^^^^^^^^^^^^^
  File "C:\Users\carlo\OneDrive\Desktop\JUAN\venv\Lib\site-packages\django\template\base.py", line 1008, in render
    return SafeString("".join([node.render_annotated(context) for node in self]))
                               ^^^^^^^^^^^^^^^^^^^^^^^^^^^^^^
  File "C:\Users\carlo\OneDrive\Desktop\JUAN\venv\Lib\site-packages\django\template\base.py", line 969, in render_annotated
    return self.render(context)
           ^^^^^^^^^^^^^^^^^^^^
  File "C:\Users\carlo\OneDrive\Desktop\JUAN\venv\Lib\site-packages\django\template\loader_tags.py", line 159, in render
    return compiled_parent._render(context)
           ^^^^^^^^^^^^^^^^^^^^^^^^^^^^^^^^
  File "C:\Users\carlo\OneDrive\Desktop\JUAN\venv\Lib\site-packages\django\template\base.py", line 163, in _render
    return self.nodelist.render(context)
           ^^^^^^^^^^^^^^^^^^^^^^^^^^^^^
  File "C:\Users\carlo\OneDrive\Desktop\JUAN\venv\Lib\site-packages\django\template\base.py", line 1008, in render
    return SafeString("".join([node.render_annotated(context) for node in self]))
                               ^^^^^^^^^^^^^^^^^^^^^^^^^^^^^^
  File "C:\Users\carlo\OneDrive\Desktop\JUAN\venv\Lib\site-packages\django\template\base.py", line 969, in render_annotated
    return self.render(context)
           ^^^^^^^^^^^^^^^^^^^^
  File "C:\Users\carlo\OneDrive\Desktop\JUAN\venv\Lib\site-packages\django\template\loader_tags.py", line 65, in render
    result = block.nodelist.render(context)
             ^^^^^^^^^^^^^^^^^^^^^^^^^^^^^^
  File "C:\Users\carlo\OneDrive\Desktop\JUAN\venv\Lib\site-packages\django\template\base.py", line 1008, in render
    return SafeString("".join([node.render_annotated(context) for node in self]))
                               ^^^^^^^^^^^^^^^^^^^^^^^^^^^^^^
  File "C:\Users\carlo\OneDrive\Desktop\JUAN\venv\Lib\site-packages\django\template\base.py", line 969, in render_annotated
    return self.render(context)
           ^^^^^^^^^^^^^^^^^^^^
  File "C:\Users\carlo\OneDrive\Desktop\JUAN\venv\Lib\site-packages\django\template\base.py", line 1067, in render
    output = self.filter_expression.resolve(context)
             ^^^^^^^^^^^^^^^^^^^^^^^^^^^^^^^^^^^^^^^
  File "C:\Users\carlo\OneDrive\Desktop\JUAN\venv\Lib\site-packages\django\template\base.py", line 739, in resolve
    arg_vals.append(arg.resolve(context))
                    ^^^^^^^^^^^^^^^^^^^^
  File "C:\Users\carlo\OneDrive\Desktop\JUAN\venv\Lib\site-packages\django\template\base.py", line 850, in resolve
    value = self._resolve_lookup(context)
            ^^^^^^^^^^^^^^^^^^^^^^^^^^^^^
  File "C:\Users\carlo\OneDrive\Desktop\JUAN\venv\Lib\site-packages\django\template\base.py", line 906, in _resolve_lookup
    raise VariableDoesNotExist(
django.template.base.VariableDoesNotExist: Failed lookup for key [now] in [{'True': True, 'False': False, 'None': None}, {}, {}, {'patient': <Patient: AK47546256 - carlos horacio olivares cordero>, 'presurgery_forms': <QuerySet [<PreSurgeryForm: PRE-AK47546256 - carlos horacio olivares cordero>]>, 'postsurgery_forms': <QuerySet []>}]
"GET /pacientes/f47a415c-4ad2-482c-866b-35e70a138a95/ HTTP/1.1" 500 197410
